# JRE version: Java(TM) SE Runtime Environment (8.0_191-b12) (build 1.8.0_191-b12)
# Java VM: Java HotSpot(TM) 64-Bit Server VM (25.191-b12 mixed mode windows-amd64 compressed oops)
Heap:
 PSYoungGen      total 271872K, used 88664K [0x0000000780b00000, 0x0000000794980000, 0x00000007c0000000)
  eden space 252928K, 35% used [0x0000000780b00000,0x0000000786196100,0x0000000790200000)
  from space 18944K, 0% used [0x0000000790200000,0x0000000790200000,0x0000000791480000)
  to   space 18944K, 0% used [0x0000000793700000,0x0000000793700000,0x0000000794980000)
 ParOldGen       total 163840K, used 28120K [0x0000000702000000, 0x000000070c000000, 0x0000000780b00000)
  object space 163840K, 17% used [0x0000000702000000,0x0000000703b760d8,0x000000070c000000)
 Metaspace       used 57920K, capacity 60544K, committed 60800K, reserved 1101824K
  class space    used 8040K, capacity 8521K, committed 8576K, reserved 1048576K
GC Heap History (10 events):
Event: 5.179 GC heap before
{Heap before GC invocations=8 (full 1):
 PSYoungGen      total 168960K, used 118927K [0x0000000780b00000, 0x000000078c080000, 0x00000007c0000000)
  eden space 159232K, 68% used [0x0000000780b00000,0x00000007875a6cb0,0x000000078a680000)
  from space 9728K, 99% used [0x000000078b400000,0x000000078bd7d118,0x000000078bd80000)
  to   space 13312K, 0% used [0x000000078a680000,0x000000078a680000,0x000000078b380000)
 ParOldGen       total 71680K, used 9571K [0x0000000702000000, 0x0000000706600000, 0x0000000780b00000)
  object space 71680K, 13% used [0x0000000702000000,0x0000000702958e40,0x0000000706600000)
 Metaspace       used 33809K, capacity 35474K, committed 35496K, reserved 1079296K
  class space    used 4514K, capacity 4847K, committed 4864K, reserved 1048576K
Event: 5.199 GC heap after
Heap after GC invocations=8 (full 1):
 PSYoungGen      total 172544K, used 13310K [0x0000000780b00000, 0x0000000792800000, 0x00000007c0000000)
  eden space 159232K, 0% used [0x0000000780b00000,0x0000000780b00000,0x000000078a680000)
  from space 13312K, 99% used [0x000000078a680000,0x000000078b37fb98,0x000000078b380000)
  to   space 16896K, 0% used [0x0000000791780000,0x0000000791780000,0x0000000792800000)
 ParOldGen       total 71680K, used 12752K [0x0000000702000000, 0x0000000706600000, 0x0000000780b00000)
  object space 71680K, 17% used [0x0000000702000000,0x0000000702c743b0,0x0000000706600000)
 Metaspace       used 33809K, capacity 35474K, committed 35496K, reserved 1079296K
  class space    used 4514K, capacity 4847K, committed 4864K, reserved 1048576K
}
Event: 5.199 GC heap before
{Heap before GC invocations=9 (full 2):
 PSYoungGen      total 172544K, used 13310K [0x0000000780b00000, 0x0000000792800000, 0x00000007c0000000)
  eden space 159232K, 0% used [0x0000000780b00000,0x0000000780b00000,0x000000078a680000)
  from space 13312K, 99% used [0x000000078a680000,0x000000078b37fb98,0x000000078b380000)
  to   space 16896K, 0% used [0x0000000791780000,0x0000000791780000,0x0000000792800000)
 ParOldGen       total 71680K, used 12752K [0x0000000702000000, 0x0000000706600000, 0x0000000780b00000)
  object space 71680K, 17% used [0x0000000702000000,0x0000000702c743b0,0x0000000706600000)
 Metaspace       used 33809K, capacity 35474K, committed 35496K, reserved 1079296K
  class space    used 4514K, capacity 4847K, committed 4864K, reserved 1048576K
Event: 5.295 GC heap after
Heap after GC invocations=9 (full 2):
 PSYoungGen      total 172544K, used 0K [0x0000000780b00000, 0x0000000792800000, 0x00000007c0000000)
  eden space 159232K, 0% used [0x0000000780b00000,0x0000000780b00000,0x000000078a680000)
  from space 13312K, 0% used [0x000000078a680000,0x000000078a680000,0x000000078b380000)
  to   space 16896K, 0% used [0x0000000791780000,0x0000000791780000,0x0000000792800000)
 ParOldGen       total 121856K, used 21591K [0x0000000702000000, 0x0000000709700000, 0x0000000780b00000)
  object space 121856K, 17% used [0x0000000702000000,0x0000000703515f08,0x0000000709700000)
 Metaspace       used 33809K, capacity 35474K, committed 35496K, reserved 1079296K
  class space    used 4514K, capacity 4847K, committed 4864K, reserved 1048576K
}
Event: 6.858 GC heap before
{Heap before GC invocations=10 (full 2):
 PSYoungGen      total 172544K, used 159232K [0x0000000780b00000, 0x0000000792800000, 0x00000007c0000000)
  eden space 159232K, 100% used [0x0000000780b00000,0x000000078a680000,0x000000078a680000)
  from space 13312K, 0% used [0x000000078a680000,0x000000078a680000,0x000000078b380000)
  to   space 16896K, 0% used [0x0000000791780000,0x0000000791780000,0x0000000792800000)
 ParOldGen       total 121856K, used 21591K [0x0000000702000000, 0x0000000709700000, 0x0000000780b00000)
  object space 121856K, 17% used [0x0000000702000000,0x0000000703515f08,0x0000000709700000)
 Metaspace       used 46695K, capacity 48960K, committed 49024K, reserved 1091584K
  class space    used 6589K, capacity 7023K, committed 7040K, reserved 1048576K
Event: 6.875 GC heap after
Heap after GC invocations=10 (full 2):
 PSYoungGen      total 247296K, used 15860K [0x0000000780b00000, 0x0000000792700000, 0x00000007c0000000)
  eden space 231424K, 0% used [0x0000000780b00000,0x0000000780b00000,0x000000078ed00000)
  from space 15872K, 99% used [0x0000000791780000,0x00000007926fd138,0x0000000792700000)
  to   space 18944K, 0% used [0x0000000790200000,0x0000000790200000,0x0000000791480000)
 ParOldGen       total 121856K, used 21599K [0x0000000702000000, 0x0000000709700000, 0x0000000780b00000)
  object space 121856K, 17% used [0x0000000702000000,0x0000000703517f08,0x0000000709700000)
 Metaspace       used 46695K, capacity 48960K, committed 49024K, reserved 1091584K
  class space    used 6589K, capacity 7023K, committed 7040K, reserved 1048576K
}
Event: 9.105 GC heap before
{Heap before GC invocations=11 (full 2):
 PSYoungGen      total 247296K, used 181214K [0x0000000780b00000, 0x0000000792700000, 0x00000007c0000000)
  eden space 231424K, 71% used [0x0000000780b00000,0x000000078ac7a8b0,0x000000078ed00000)
  from space 15872K, 99% used [0x0000000791780000,0x00000007926fd138,0x0000000792700000)
  to   space 18944K, 0% used [0x0000000790200000,0x0000000790200000,0x0000000791480000)
 ParOldGen       total 121856K, used 21599K [0x0000000702000000, 0x0000000709700000, 0x0000000780b00000)
  object space 121856K, 17% used [0x0000000702000000,0x0000000703517f08,0x0000000709700000)
 Metaspace       used 56604K, capacity 59070K, committed 59160K, reserved 1099776K
  class space    used 7846K, capacity 8306K, committed 8320K, reserved 1048576K
Event: 9.121 GC heap after
Heap after GC invocations=11 (full 2):
 PSYoungGen      total 271872K, used 12334K [0x0000000780b00000, 0x0000000794980000, 0x00000007c0000000)
  eden space 252928K, 0% used [0x0000000780b00000,0x0000000780b00000,0x0000000790200000)
  from space 18944K, 65% used [0x0000000790200000,0x0000000790e0b810,0x0000000791480000)
  to   space 18944K, 0% used [0x0000000793700000,0x0000000793700000,0x0000000794980000)
 ParOldGen       total 121856K, used 21607K [0x0000000702000000, 0x0000000709700000, 0x0000000780b00000)
  object space 121856K, 17% used [0x0000000702000000,0x0000000703519f08,0x0000000709700000)
 Metaspace       used 56604K, capacity 59070K, committed 59160K, reserved 1099776K
  class space    used 7846K, capacity 8306K, committed 8320K, reserved 1048576K
}
Event: 9.122 GC heap before
{Heap before GC invocations=12 (full 3):
 PSYoungGen      total 271872K, used 12334K [0x0000000780b00000, 0x0000000794980000, 0x00000007c0000000)
  eden space 252928K, 0% used [0x0000000780b00000,0x0000000780b00000,0x0000000790200000)
  from space 18944K, 65% used [0x0000000790200000,0x0000000790e0b810,0x0000000791480000)
  to   space 18944K, 0% used [0x0000000793700000,0x0000000793700000,0x0000000794980000)
 ParOldGen       total 121856K, used 21607K [0x0000000702000000, 0x0000000709700000, 0x0000000780b00000)
  object space 121856K, 17% used [0x0000000702000000,0x0000000703519f08,0x0000000709700000)
 Metaspace       used 56604K, capacity 59070K, committed 59160K, reserved 1099776K
  class space    used 7846K, capacity 8306K, committed 8320K, reserved 1048576K
Event: 9.251 GC heap after
Heap after GC invocations=12 (full 3):
 PSYoungGen      total 271872K, used 0K [0x0000000780b00000, 0x0000000794980000, 0x00000007c0000000)
  eden space 252928K, 0% used [0x0000000780b00000,0x0000000780b00000,0x0000000790200000)
  from space 18944K, 0% used [0x0000000790200000,0x0000000790200000,0x0000000791480000)
  to   space 18944K, 0% used [0x0000000793700000,0x0000000793700000,0x0000000794980000)
 ParOldGen       total 163840K, used 28120K [0x0000000702000000, 0x000000070c000000, 0x0000000780b00000)
  object space 163840K, 17% used [0x0000000702000000,0x0000000703b760d8,0x000000070c000000)
 Metaspace       used 56604K, capacity 59070K, committed 59160K, reserved 1099776K
  class space    used 7846K, capacity 8306K, committed 8320K, reserved 1048576K
}

