# JRE version: Java(TM) SE Runtime Environment (8.0_191-b12) (build 1.8.0_191-b12)
# Java VM: Java HotSpot(TM) 64-Bit Server VM (25.191-b12 mixed mode windows-amd64 compressed oops)
Heap:
 PSYoungGen      total 305664K, used 133834K [0x0000000780b00000, 0x0000000796c80000, 0x00000007c0000000)
  eden space 287232K, 46% used [0x0000000780b00000,0x0000000788db2a58,0x0000000792380000)
  from space 18432K, 0% used [0x0000000792380000,0x0000000792380000,0x0000000793580000)
  to   space 18432K, 0% used [0x0000000795a80000,0x0000000795a80000,0x0000000796c80000)
 ParOldGen       total 144384K, used 27727K [0x0000000702000000, 0x000000070ad00000, 0x0000000780b00000)
  object space 144384K, 19% used [0x0000000702000000,0x0000000703b13ce8,0x000000070ad00000)
 Metaspace       used 57911K, capacity 60536K, committed 60800K, reserved 1101824K
  class space    used 8042K, capacity 8521K, committed 8576K, reserved 1048576K
GC Heap History (10 events):
Event: 6.196 GC heap before
{Heap before GC invocations=8 (full 1):
 PSYoungGen      total 179712K, used 123990K [0x0000000780b00000, 0x000000078c800000, 0x00000007c0000000)
  eden space 169984K, 67% used [0x0000000780b00000,0x0000000787a98448,0x000000078b100000)
  from space 9728K, 99% used [0x000000078bd80000,0x000000078c6fd6c8,0x000000078c700000)
  to   space 11776K, 0% used [0x000000078b100000,0x000000078b100000,0x000000078bc80000)
 ParOldGen       total 66048K, used 6719K [0x0000000702000000, 0x0000000706080000, 0x0000000780b00000)
  object space 66048K, 10% used [0x0000000702000000,0x000000070268ffa0,0x0000000706080000)
 Metaspace       used 33821K, capacity 35474K, committed 35496K, reserved 1079296K
  class space    used 4512K, capacity 4847K, committed 4864K, reserved 1048576K
Event: 6.224 GC heap after
Heap after GC invocations=8 (full 1):
 PSYoungGen      total 181760K, used 11773K [0x0000000780b00000, 0x0000000794780000, 0x00000007c0000000)
  eden space 169984K, 0% used [0x0000000780b00000,0x0000000780b00000,0x000000078b100000)
  from space 11776K, 99% used [0x000000078b100000,0x000000078bc7f768,0x000000078bc80000)
  to   space 15872K, 0% used [0x0000000793800000,0x0000000793800000,0x0000000794780000)
 ParOldGen       total 66048K, used 11595K [0x0000000702000000, 0x0000000706080000, 0x0000000780b00000)
  object space 66048K, 17% used [0x0000000702000000,0x0000000702b52ce8,0x0000000706080000)
 Metaspace       used 33821K, capacity 35474K, committed 35496K, reserved 1079296K
  class space    used 4512K, capacity 4847K, committed 4864K, reserved 1048576K
}
Event: 6.224 GC heap before
{Heap before GC invocations=9 (full 2):
 PSYoungGen      total 181760K, used 11773K [0x0000000780b00000, 0x0000000794780000, 0x00000007c0000000)
  eden space 169984K, 0% used [0x0000000780b00000,0x0000000780b00000,0x000000078b100000)
  from space 11776K, 99% used [0x000000078b100000,0x000000078bc7f768,0x000000078bc80000)
  to   space 15872K, 0% used [0x0000000793800000,0x0000000793800000,0x0000000794780000)
 ParOldGen       total 66048K, used 11595K [0x0000000702000000, 0x0000000706080000, 0x0000000780b00000)
  object space 66048K, 17% used [0x0000000702000000,0x0000000702b52ce8,0x0000000706080000)
 Metaspace       used 33821K, capacity 35474K, committed 35496K, reserved 1079296K
  class space    used 4512K, capacity 4847K, committed 4864K, reserved 1048576K
Event: 6.345 GC heap after
Heap after GC invocations=9 (full 2):
 PSYoungGen      total 181760K, used 0K [0x0000000780b00000, 0x0000000794780000, 0x00000007c0000000)
  eden space 169984K, 0% used [0x0000000780b00000,0x0000000780b00000,0x000000078b100000)
  from space 11776K, 0% used [0x000000078b100000,0x000000078b100000,0x000000078bc80000)
  to   space 15872K, 0% used [0x0000000793800000,0x0000000793800000,0x0000000794780000)
 ParOldGen       total 110592K, used 21575K [0x0000000702000000, 0x0000000708c00000, 0x0000000780b00000)
  object space 110592K, 19% used [0x0000000702000000,0x0000000703511fe0,0x0000000708c00000)
 Metaspace       used 33821K, capacity 35474K, committed 35496K, reserved 1079296K
  class space    used 4512K, capacity 4847K, committed 4864K, reserved 1048576K
}
Event: 8.009 GC heap before
{Heap before GC invocations=10 (full 2):
 PSYoungGen      total 181760K, used 169984K [0x0000000780b00000, 0x0000000794780000, 0x00000007c0000000)
  eden space 169984K, 100% used [0x0000000780b00000,0x000000078b100000,0x000000078b100000)
  from space 11776K, 0% used [0x000000078b100000,0x000000078b100000,0x000000078bc80000)
  to   space 15872K, 0% used [0x0000000793800000,0x0000000793800000,0x0000000794780000)
 ParOldGen       total 110592K, used 21575K [0x0000000702000000, 0x0000000708c00000, 0x0000000780b00000)
  object space 110592K, 19% used [0x0000000702000000,0x0000000703511fe0,0x0000000708c00000)
 Metaspace       used 47218K, capacity 49434K, committed 49664K, reserved 1091584K
  class space    used 6662K, capacity 7094K, committed 7168K, reserved 1048576K
Event: 8.025 GC heap after
Heap after GC invocations=10 (full 2):
 PSYoungGen      total 271872K, used 15871K [0x0000000780b00000, 0x0000000794780000, 0x00000007c0000000)
  eden space 256000K, 0% used [0x0000000780b00000,0x0000000780b00000,0x0000000790500000)
  from space 15872K, 99% used [0x0000000793800000,0x000000079477fcf0,0x0000000794780000)
  to   space 18432K, 0% used [0x0000000792380000,0x0000000792380000,0x0000000793580000)
 ParOldGen       total 110592K, used 22083K [0x0000000702000000, 0x0000000708c00000, 0x0000000780b00000)
  object space 110592K, 19% used [0x0000000702000000,0x0000000703590ff0,0x0000000708c00000)
 Metaspace       used 47218K, capacity 49434K, committed 49664K, reserved 1091584K
  class space    used 6662K, capacity 7094K, committed 7168K, reserved 1048576K
}
Event: 11.138 GC heap before
{Heap before GC invocations=11 (full 2):
 PSYoungGen      total 271872K, used 173186K [0x0000000780b00000, 0x0000000794780000, 0x00000007c0000000)
  eden space 256000K, 61% used [0x0000000780b00000,0x000000078a4a0cf0,0x0000000790500000)
  from space 15872K, 99% used [0x0000000793800000,0x000000079477fcf0,0x0000000794780000)
  to   space 18432K, 0% used [0x0000000792380000,0x0000000792380000,0x0000000793580000)
 ParOldGen       total 110592K, used 22083K [0x0000000702000000, 0x0000000708c00000, 0x0000000780b00000)
  object space 110592K, 19% used [0x0000000702000000,0x0000000703590ff0,0x0000000708c00000)
 Metaspace       used 56601K, capacity 59098K, committed 59160K, reserved 1099776K
  class space    used 7848K, capacity 8312K, committed 8320K, reserved 1048576K
Event: 11.155 GC heap after
Heap after GC invocations=11 (full 2):
 PSYoungGen      total 305664K, used 11783K [0x0000000780b00000, 0x0000000796c80000, 0x00000007c0000000)
  eden space 287232K, 0% used [0x0000000780b00000,0x0000000780b00000,0x0000000792380000)
  from space 18432K, 63% used [0x0000000792380000,0x0000000792f01e38,0x0000000793580000)
  to   space 18432K, 0% used [0x0000000795a80000,0x0000000795a80000,0x0000000796c80000)
 ParOldGen       total 110592K, used 22091K [0x0000000702000000, 0x0000000708c00000, 0x0000000780b00000)
  object space 110592K, 19% used [0x0000000702000000,0x0000000703592ff0,0x0000000708c00000)
 Metaspace       used 56601K, capacity 59098K, committed 59160K, reserved 1099776K
  class space    used 7848K, capacity 8312K, committed 8320K, reserved 1048576K
}
Event: 11.155 GC heap before
{Heap before GC invocations=12 (full 3):
 PSYoungGen      total 305664K, used 11783K [0x0000000780b00000, 0x0000000796c80000, 0x00000007c0000000)
  eden space 287232K, 0% used [0x0000000780b00000,0x0000000780b00000,0x0000000792380000)
  from space 18432K, 63% used [0x0000000792380000,0x0000000792f01e38,0x0000000793580000)
  to   space 18432K, 0% used [0x0000000795a80000,0x0000000795a80000,0x0000000796c80000)
 ParOldGen       total 110592K, used 22091K [0x0000000702000000, 0x0000000708c00000, 0x0000000780b00000)
  object space 110592K, 19% used [0x0000000702000000,0x0000000703592ff0,0x0000000708c00000)
 Metaspace       used 56601K, capacity 59098K, committed 59160K, reserved 1099776K
  class space    used 7848K, capacity 8312K, committed 8320K, reserved 1048576K
Event: 11.286 GC heap after
Heap after GC invocations=12 (full 3):
 PSYoungGen      total 305664K, used 0K [0x0000000780b00000, 0x0000000796c80000, 0x00000007c0000000)
  eden space 287232K, 0% used [0x0000000780b00000,0x0000000780b00000,0x0000000792380000)
  from space 18432K, 0% used [0x0000000792380000,0x0000000792380000,0x0000000793580000)
  to   space 18432K, 0% used [0x0000000795a80000,0x0000000795a80000,0x0000000796c80000)
 ParOldGen       total 144384K, used 27727K [0x0000000702000000, 0x000000070ad00000, 0x0000000780b00000)
  object space 144384K, 19% used [0x0000000702000000,0x0000000703b13ce8,0x000000070ad00000)
 Metaspace       used 56601K, capacity 59098K, committed 59160K, reserved 1099776K
  class space    used 7848K, capacity 8312K, committed 8320K, reserved 1048576K
}

