# JRE version: Java(TM) SE Runtime Environment (8.0_191-b12) (build 1.8.0_191-b12)
# Java VM: Java HotSpot(TM) 64-Bit Server VM (25.191-b12 mixed mode windows-amd64 compressed oops)
Heap:
 PSYoungGen      total 366080K, used 188297K [0x0000000780b00000, 0x0000000798a80000, 0x00000007c0000000)
  eden space 355840K, 52% used [0x0000000780b00000,0x000000078c2e26b8,0x0000000796680000)
  from space 10240K, 0% used [0x0000000798080000,0x0000000798080000,0x0000000798a80000)
  to   space 17920K, 0% used [0x0000000796780000,0x0000000796780000,0x0000000797900000)
 ParOldGen       total 151552K, used 25740K [0x0000000702000000, 0x000000070b400000, 0x0000000780b00000)
  object space 151552K, 16% used [0x0000000702000000,0x00000007039230a8,0x000000070b400000)
 Metaspace       used 58097K, capacity 60672K, committed 60800K, reserved 1101824K
  class space    used 8042K, capacity 8521K, committed 8576K, reserved 1048576K
GC Heap History (10 events):
Event: 5.914 GC heap before
{Heap before GC invocations=9 (full 1):
 PSYoungGen      total 200704K, used 121124K [0x0000000780b00000, 0x0000000793000000, 0x00000007c0000000)
  eden space 192000K, 58% used [0x0000000780b00000,0x00000007878ce450,0x000000078c680000)
  from space 8704K, 99% used [0x000000078c680000,0x000000078cefac48,0x000000078cf00000)
  to   space 12800K, 0% used [0x0000000792380000,0x0000000792380000,0x0000000793000000)
 ParOldGen       total 71680K, used 13160K [0x0000000702000000, 0x0000000706600000, 0x0000000780b00000)
  object space 71680K, 18% used [0x0000000702000000,0x0000000702cda380,0x0000000706600000)
 Metaspace       used 33784K, capacity 35440K, committed 35496K, reserved 1079296K
  class space    used 4486K, capacity 4814K, committed 4864K, reserved 1048576K
Event: 5.928 GC heap after
Heap after GC invocations=9 (full 1):
 PSYoungGen      total 284672K, used 12770K [0x0000000780b00000, 0x0000000795c80000, 0x00000007c0000000)
  eden space 271872K, 0% used [0x0000000780b00000,0x0000000780b00000,0x0000000791480000)
  from space 12800K, 99% used [0x0000000792380000,0x0000000792ff8ad0,0x0000000793000000)
  to   space 15360K, 0% used [0x0000000791480000,0x0000000791480000,0x0000000792380000)
 ParOldGen       total 71680K, used 14551K [0x0000000702000000, 0x0000000706600000, 0x0000000780b00000)
  object space 71680K, 20% used [0x0000000702000000,0x0000000702e35eb0,0x0000000706600000)
 Metaspace       used 33784K, capacity 35440K, committed 35496K, reserved 1079296K
  class space    used 4486K, capacity 4814K, committed 4864K, reserved 1048576K
}
Event: 5.928 GC heap before
{Heap before GC invocations=10 (full 2):
 PSYoungGen      total 284672K, used 12770K [0x0000000780b00000, 0x0000000795c80000, 0x00000007c0000000)
  eden space 271872K, 0% used [0x0000000780b00000,0x0000000780b00000,0x0000000791480000)
  from space 12800K, 99% used [0x0000000792380000,0x0000000792ff8ad0,0x0000000793000000)
  to   space 15360K, 0% used [0x0000000791480000,0x0000000791480000,0x0000000792380000)
 ParOldGen       total 71680K, used 14551K [0x0000000702000000, 0x0000000706600000, 0x0000000780b00000)
  object space 71680K, 20% used [0x0000000702000000,0x0000000702e35eb0,0x0000000706600000)
 Metaspace       used 33784K, capacity 35440K, committed 35496K, reserved 1079296K
  class space    used 4486K, capacity 4814K, committed 4864K, reserved 1048576K
Event: 5.990 GC heap after
Heap after GC invocations=10 (full 2):
 PSYoungGen      total 284672K, used 0K [0x0000000780b00000, 0x0000000795c80000, 0x00000007c0000000)
  eden space 271872K, 0% used [0x0000000780b00000,0x0000000780b00000,0x0000000791480000)
  from space 12800K, 0% used [0x0000000792380000,0x0000000792380000,0x0000000793000000)
  to   space 15360K, 0% used [0x0000000791480000,0x0000000791480000,0x0000000792380000)
 ParOldGen       total 115712K, used 20855K [0x0000000702000000, 0x0000000709100000, 0x0000000780b00000)
  object space 115712K, 18% used [0x0000000702000000,0x000000070345de60,0x0000000709100000)
 Metaspace       used 33784K, capacity 35440K, committed 35496K, reserved 1079296K
  class space    used 4486K, capacity 4814K, committed 4864K, reserved 1048576K
}
Event: 7.640 GC heap before
{Heap before GC invocations=11 (full 2):
 PSYoungGen      total 284672K, used 271872K [0x0000000780b00000, 0x0000000795c80000, 0x00000007c0000000)
  eden space 271872K, 100% used [0x0000000780b00000,0x0000000791480000,0x0000000791480000)
  from space 12800K, 0% used [0x0000000792380000,0x0000000792380000,0x0000000793000000)
  to   space 15360K, 0% used [0x0000000791480000,0x0000000791480000,0x0000000792380000)
 ParOldGen       total 115712K, used 20855K [0x0000000702000000, 0x0000000709100000, 0x0000000780b00000)
  object space 115712K, 18% used [0x0000000702000000,0x000000070345de60,0x0000000709100000)
 Metaspace       used 47583K, capacity 49834K, committed 49920K, reserved 1091584K
  class space    used 6704K, capacity 7108K, committed 7168K, reserved 1048576K
Event: 7.657 GC heap after
Heap after GC invocations=11 (full 2):
 PSYoungGen      total 287232K, used 15358K [0x0000000780b00000, 0x0000000799280000, 0x00000007c0000000)
  eden space 271872K, 0% used [0x0000000780b00000,0x0000000780b00000,0x0000000791480000)
  from space 15360K, 99% used [0x0000000791480000,0x000000079237fbd0,0x0000000792380000)
  to   space 18432K, 0% used [0x0000000798080000,0x0000000798080000,0x0000000799280000)
 ParOldGen       total 115712K, used 22847K [0x0000000702000000, 0x0000000709100000, 0x0000000780b00000)
  object space 115712K, 19% used [0x0000000702000000,0x000000070364ffc0,0x0000000709100000)
 Metaspace       used 47583K, capacity 49834K, committed 49920K, reserved 1091584K
  class space    used 6704K, capacity 7108K, committed 7168K, reserved 1048576K
}
Event: 9.604 GC heap before
{Heap before GC invocations=12 (full 2):
 PSYoungGen      total 287232K, used 138433K [0x0000000780b00000, 0x0000000799280000, 0x00000007c0000000)
  eden space 271872K, 45% used [0x0000000780b00000,0x0000000788330968,0x0000000791480000)
  from space 15360K, 99% used [0x0000000791480000,0x000000079237fbd0,0x0000000792380000)
  to   space 18432K, 0% used [0x0000000798080000,0x0000000798080000,0x0000000799280000)
 ParOldGen       total 115712K, used 22847K [0x0000000702000000, 0x0000000709100000, 0x0000000780b00000)
  object space 115712K, 19% used [0x0000000702000000,0x000000070364ffc0,0x0000000709100000)
 Metaspace       used 56612K, capacity 59074K, committed 59160K, reserved 1099776K
  class space    used 7834K, capacity 8280K, committed 8320K, reserved 1048576K
Event: 9.617 GC heap after
Heap after GC invocations=12 (full 2):
 PSYoungGen      total 366080K, used 10108K [0x0000000780b00000, 0x0000000798a80000, 0x00000007c0000000)
  eden space 355840K, 0% used [0x0000000780b00000,0x0000000780b00000,0x0000000796680000)
  from space 10240K, 98% used [0x0000000798080000,0x0000000798a5f300,0x0000000798a80000)
  to   space 17920K, 0% used [0x0000000796780000,0x0000000796780000,0x0000000797900000)
 ParOldGen       total 115712K, used 22855K [0x0000000702000000, 0x0000000709100000, 0x0000000780b00000)
  object space 115712K, 19% used [0x0000000702000000,0x0000000703651fc0,0x0000000709100000)
 Metaspace       used 56612K, capacity 59074K, committed 59160K, reserved 1099776K
  class space    used 7834K, capacity 8280K, committed 8320K, reserved 1048576K
}
Event: 9.617 GC heap before
{Heap before GC invocations=13 (full 3):
 PSYoungGen      total 366080K, used 10108K [0x0000000780b00000, 0x0000000798a80000, 0x00000007c0000000)
  eden space 355840K, 0% used [0x0000000780b00000,0x0000000780b00000,0x0000000796680000)
  from space 10240K, 98% used [0x0000000798080000,0x0000000798a5f300,0x0000000798a80000)
  to   space 17920K, 0% used [0x0000000796780000,0x0000000796780000,0x0000000797900000)
 ParOldGen       total 115712K, used 22855K [0x0000000702000000, 0x0000000709100000, 0x0000000780b00000)
  object space 115712K, 19% used [0x0000000702000000,0x0000000703651fc0,0x0000000709100000)
 Metaspace       used 56612K, capacity 59074K, committed 59160K, reserved 1099776K
  class space    used 7834K, capacity 8280K, committed 8320K, reserved 1048576K
Event: 9.761 GC heap after
Heap after GC invocations=13 (full 3):
 PSYoungGen      total 366080K, used 0K [0x0000000780b00000, 0x0000000798a80000, 0x00000007c0000000)
  eden space 355840K, 0% used [0x0000000780b00000,0x0000000780b00000,0x0000000796680000)
  from space 10240K, 0% used [0x0000000798080000,0x0000000798080000,0x0000000798a80000)
  to   space 17920K, 0% used [0x0000000796780000,0x0000000796780000,0x0000000797900000)
 ParOldGen       total 151552K, used 25740K [0x0000000702000000, 0x000000070b400000, 0x0000000780b00000)
  object space 151552K, 16% used [0x0000000702000000,0x00000007039230a8,0x000000070b400000)
 Metaspace       used 56612K, capacity 59074K, committed 59160K, reserved 1099776K
  class space    used 7834K, capacity 8280K, committed 8320K, reserved 1048576K
}

